ContactManager_v1.0/app/build/outputs/logs/manifest-merger-debug-report.txt
-- Merging decision tree log ---
manifest
ADDED from src/main/AndroidManifest.xml:2:1-32:12
INJECTED from src/main/AndroidManifest.xml:2:1-32:12
INJECTED from src/main/AndroidManifest.xml:2:1-32:12
INJECTED from src/main/AndroidManifest.xml:2:1-32:12
MERGED from [com.android.support:multidex:1.0.2] AndroidManifest.xml:17:1-22:12
MERGED from [com.wang.avi:library:1.0.2] AndroidManifest.xml:2:1-14:12
MERGED from [:mvp] AndroidManifest.xml:2:1-17:12
MERGED from [:sidebar] AndroidManifest.xml:2:1-17:12
MERGED from [com.jude:swipebackhelper:3.1.2] AndroidManifest.xml:2:1-11:12
MERGED from [com.lxj:xpopup:1.8.7] AndroidManifest.xml:2:1-11:12
MERGED from [com.android.support:design:27.1.1] AndroidManifest.xml:17:1-22:12
MERGED from [com.wuhenzhizao:titlebar:1.1.4] AndroidManifest.xml:2:1-17:12
MERGED from [com.trello.rxlifecycle2:rxlifecycle-components:2.0.1] AndroidManifest.xml:13:1-19:12
MERGED from [com.github.wangjiegulu:rfab:2.0.0] AndroidManifest.xml:2:1-11:12
MERGED from [com.lxj:easyadapter:1.1.1] AndroidManifest.xml:2:1-11:12
MERGED from [com.lxj:xpermission:1.0.1] AndroidManifest.xml:2:1-22:12
MERGED from [com.android.support:appcompat-v7:27.1.1] AndroidManifest.xml:17:1-22:12
MERGED from [com.zzhoujay.richtext:richtext:3.0.8] AndroidManifest.xml:2:1-12:12
MERGED from [com.android.support:support-v4:27.1.1] AndroidManifest.xml:17:1-22:12
MERGED from [com.github.limedroid:ARecyclerView:v1.2.3] AndroidManifest.xml:2:1-16:12
MERGED from [com.android.support:recyclerview-v7:27.1.1] AndroidManifest.xml:17:1-22:12
MERGED from [com.jakewharton:butterknife:8.4.0] AndroidManifest.xml:2:1-7:12
MERGED from [com.jakewharton.rxbinding2:rxbinding:2.0.0] AndroidManifest.xml:2:1-8:12
MERGED from [com.trello.rxlifecycle2:rxlifecycle-android:2.0.1] AndroidManifest.xml:13:1-19:12
MERGED from [com.contrarywind:Android-PickerView:4.1.8] AndroidManifest.xml:2:1-11:12
MERGED from [com.github.bumptech.glide:glide:4.8.0] AndroidManifest.xml:2:1-12:12
MERGED from [com.android.support:support-fragment:27.1.1] AndroidManifest.xml:17:1-22:12
MERGED from [com.android.support:animated-vector-drawable:27.1.1] AndroidManifest.xml:17:1-22:12
MERGED from [com.android.support:support-core-ui:27.1.1] AndroidManifest.xml:17:1-22:12
MERGED from [com.android.support:support-core-utils:27.1.1] AndroidManifest.xml:17:1-22:12
MERGED from [com.android.support:support-vector-drawable:27.1.1] AndroidManifest.xml:17:1-22:12
MERGED from [com.android.support:support-media-compat:27.1.1] AndroidManifest.xml:17:1-22:12
MERGED from [com.android.support:transition:27.1.1] AndroidManifest.xml:17:1-22:12
MERGED from [com.android.support:support-compat:27.1.1] AndroidManifest.xml:17:1-22:12
MERGED from [com.github.bumptech.glide:gifdecoder:4.8.0] AndroidManifest.xml:2:1-11:12
MERGED from [com.contrarywind:wheelview:4.0.9] AndroidManifest.xml:2:1-11:12
MERGED from [com.qmuiteam:qmui:1.1.5] AndroidManifest.xml:2:1-9:12
MERGED from [com.blankj:utilcode:1.25.9] AndroidManifest.xml:2:1-35:12
MERGED from [com.blankj:rxbus:1.2] AndroidManifest.xml:2:1-9:12
MERGED from [io.reactivex.rxjava2:rxandroid:2.0.2] AndroidManifest.xml:15:1-21:12
MERGED from [com.tbruyelle.rxpermissions2:rxpermissions:0.9.3] AndroidManifest.xml:2:1-13:12
MERGED from [cn.bingoogolapple:bga-photopicker:1.2.8] AndroidManifest.xml:2:1-50:12
MERGED from [cn.bingoogolapple:bga-baseadapter:1.2.7] AndroidManifest.xml:2:1-10:12
MERGED from [pub.devrel:easypermissions:1.0.1] AndroidManifest.xml:2:1-19:12
MERGED from [com.github.CymChad:BaseRecyclerViewAdapterHelper:2.9.40] AndroidManifest.xml:2:1-11:12
MERGED from [de.hdodenhof:circleimageview:3.0.0] AndroidManifest.xml:2:1-11:12
MERGED from [com.github.lygttpod:SuperTextView:2.2.4] AndroidManifest.xml:2:1-11:12
MERGED from [com.zzhoujay:html:1.0.2] AndroidManifest.xml:2:1-11:12
MERGED from [com.youth.banner:banner:1.4.10] AndroidManifest.xml:2:1-11:12
MERGED from [com.github.limedroid:XStateController:v1.1.1] AndroidManifest.xml:2:1-17:12
MERGED from [com.zzhoujay.markdown:markdown:1.0.5] AndroidManifest.xml:2:1-14:12
MERGED from [android.arch.lifecycle:livedata-core:1.1.0] AndroidManifest.xml:17:1-22:12
MERGED from [android.arch.lifecycle:viewmodel:1.1.0] AndroidManifest.xml:17:1-22:12
MERGED from [android.arch.lifecycle:runtime:1.1.0] AndroidManifest.xml:17:1-22:12
MERGED from [android.arch.core:runtime:1.1.0] AndroidManifest.xml:17:1-22:12
INJECTED from src/main/AndroidManifest.xml:2:1-32:12
INJECTED from src/main/AndroidManifest.xml:2:1-32:12
INJECTED from src/main/AndroidManifest.xml:2:1-32:12
	package
		ADDED from src/main/AndroidManifest.xml:3:5-43
		INJECTED from src/main/AndroidManifest.xml
		INJECTED from src/main/AndroidManifest.xml
	android:versionName
		INJECTED from src/main/AndroidManifest.xml
		ADDED from src/main/AndroidManifest.xml:2:1-32:12
		INJECTED from src/main/AndroidManifest.xml
	android:versionCode
		INJECTED from src/main/AndroidManifest.xml
		ADDED from src/main/AndroidManifest.xml:2:1-32:12
		INJECTED from src/main/AndroidManifest.xml
	xmlns:android
		ADDED from src/main/AndroidManifest.xml:2:11-69
application
ADDED from src/main/AndroidManifest.xml:6:5-30:19
MERGED from [com.wang.avi:library:1.0.2] AndroidManifest.xml:11:5-12:19
MERGED from [com.wang.avi:library:1.0.2] AndroidManifest.xml:11:5-12:19
MERGED from [:mvp] AndroidManifest.xml:11:5-15:19
MERGED from [:mvp] AndroidManifest.xml:11:5-15:19
MERGED from [:sidebar] AndroidManifest.xml:11:5-15:19
MERGED from [:sidebar] AndroidManifest.xml:11:5-15:19
MERGED from [com.wuhenzhizao:titlebar:1.1.4] AndroidManifest.xml:11:5-15:19
MERGED from [com.wuhenzhizao:titlebar:1.1.4] AndroidManifest.xml:11:5-15:19
MERGED from [com.lxj:xpermission:1.0.1] AndroidManifest.xml:11:5-20:19
MERGED from [com.lxj:xpermission:1.0.1] AndroidManifest.xml:11:5-20:19
MERGED from [com.github.limedroid:ARecyclerView:v1.2.3] AndroidManifest.xml:10:5-14:19
MERGED from [com.github.limedroid:ARecyclerView:v1.2.3] AndroidManifest.xml:10:5-14:19
MERGED from [com.github.bumptech.glide:glide:4.8.0] AndroidManifest.xml:10:5-20
MERGED from [com.github.bumptech.glide:glide:4.8.0] AndroidManifest.xml:10:5-20
MERGED from [com.github.bumptech.glide:gifdecoder:4.8.0] AndroidManifest.xml:9:5-20
MERGED from [com.github.bumptech.glide:gifdecoder:4.8.0] AndroidManifest.xml:9:5-20
MERGED from [com.blankj:utilcode:1.25.9] AndroidManifest.xml:9:5-33:19
MERGED from [com.blankj:utilcode:1.25.9] AndroidManifest.xml:9:5-33:19
MERGED from [com.tbruyelle.rxpermissions2:rxpermissions:0.9.3] AndroidManifest.xml:11:5-20
MERGED from [com.tbruyelle.rxpermissions2:rxpermissions:0.9.3] AndroidManifest.xml:11:5-20
MERGED from [cn.bingoogolapple:bga-photopicker:1.2.8] AndroidManifest.xml:13:5-48:19
MERGED from [cn.bingoogolapple:bga-photopicker:1.2.8] AndroidManifest.xml:13:5-48:19
MERGED from [pub.devrel:easypermissions:1.0.1] AndroidManifest.xml:11:5-17:19
MERGED from [pub.devrel:easypermissions:1.0.1] AndroidManifest.xml:11:5-17:19
MERGED from [de.hdodenhof:circleimageview:3.0.0] AndroidManifest.xml:9:5-20
MERGED from [de.hdodenhof:circleimageview:3.0.0] AndroidManifest.xml:9:5-20
MERGED from [com.github.limedroid:XStateController:v1.1.1] AndroidManifest.xml:11:5-15:19
MERGED from [com.github.limedroid:XStateController:v1.1.1] AndroidManifest.xml:11:5-15:19
MERGED from [com.zzhoujay.markdown:markdown:1.0.5] AndroidManifest.xml:12:5-20
MERGED from [com.zzhoujay.markdown:markdown:1.0.5] AndroidManifest.xml:12:5-20
	android:supportsRtl
		ADDED from src/main/AndroidManifest.xml:11:9-35
	android:label
		ADDED from src/main/AndroidManifest.xml:10:9-41
	android:icon
		ADDED from src/main/AndroidManifest.xml:9:9-52
	android:allowBackup
		ADDED from src/main/AndroidManifest.xml:8:9-35
	android:theme
		ADDED from src/main/AndroidManifest.xml:12:9-40
	android:name
		ADDED from src/main/AndroidManifest.xml:7:9-49
activity#cn.projects.team.demo.ui.MainActivity
ADDED from src/main/AndroidManifest.xml:13:9-20:20
	android:windowSoftInputMode
		ADDED from src/main/AndroidManifest.xml:14:13-52
	android:name
		ADDED from src/main/AndroidManifest.xml:13:19-71
intent-filter#action:name:android.intent.action.MAIN+category:name:android.intent.category.LAUNCHER
ADDED from src/main/AndroidManifest.xml:15:13-19:29
action#android.intent.action.MAIN
ADDED from src/main/AndroidManifest.xml:16:17-68
	android:name
		ADDED from src/main/AndroidManifest.xml:16:25-66
category#android.intent.category.LAUNCHER
ADDED from src/main/AndroidManifest.xml:18:17-76
	android:name
		ADDED from src/main/AndroidManifest.xml:18:27-74
activity#cn.projects.team.demo.ui.AddContactsActivity
ADDED from src/main/AndroidManifest.xml:21:9-22:54
	android:windowSoftInputMode
		ADDED from src/main/AndroidManifest.xml:22:13-52
	android:name
		ADDED from src/main/AndroidManifest.xml:21:19-78
activity#cn.projects.team.demo.ui.ImportExportActivity
ADDED from src/main/AndroidManifest.xml:23:9-82
	android:name
		ADDED from src/main/AndroidManifest.xml:23:19-79
activity#cn.projects.team.demo.ui.ContactGroupActivity
ADDED from src/main/AndroidManifest.xml:24:9-25:46
	android:theme
		ADDED from src/main/AndroidManifest.xml:25:13-44
	android:name
		ADDED from src/main/AndroidManifest.xml:24:19-79
activity#cn.projects.team.demo.ui.AddContactGroupActivity
ADDED from src/main/AndroidManifest.xml:26:9-85
	android:name
		ADDED from src/main/AndroidManifest.xml:26:19-82
activity#cn.projects.team.demo.ui.GroupContactActivity
ADDED from src/main/AndroidManifest.xml:27:9-121
	android:windowSoftInputMode
		ADDED from src/main/AndroidManifest.xml:27:80-119
	android:name
		ADDED from src/main/AndroidManifest.xml:27:19-79
uses-sdk
INJECTED from src/main/AndroidManifest.xml reason: use-sdk injection requested
INJECTED from src/main/AndroidManifest.xml
INJECTED from src/main/AndroidManifest.xml
MERGED from [com.android.support:multidex:1.0.2] AndroidManifest.xml:20:5-43
MERGED from [com.android.support:multidex:1.0.2] AndroidManifest.xml:20:5-43
MERGED from [com.wang.avi:library:1.0.2] AndroidManifest.xml:7:5-9:41
MERGED from [com.wang.avi:library:1.0.2] AndroidManifest.xml:7:5-9:41
MERGED from [:mvp] AndroidManifest.xml:7:5-9:41
MERGED from [:mvp] AndroidManifest.xml:7:5-9:41
MERGED from [:sidebar] AndroidManifest.xml:7:5-9:41
MERGED from [:sidebar] AndroidManifest.xml:7:5-9:41
MERGED from [com.jude:swipebackhelper:3.1.2] AndroidManifest.xml:7:5-9:41
MERGED from [com.jude:swipebackhelper:3.1.2] AndroidManifest.xml:7:5-9:41
MERGED from [com.lxj:xpopup:1.8.7] AndroidManifest.xml:7:5-9:41
MERGED from [com.lxj:xpopup:1.8.7] AndroidManifest.xml:7:5-9:41
MERGED from [com.android.support:design:27.1.1] AndroidManifest.xml:20:5-44
MERGED from [com.android.support:design:27.1.1] AndroidManifest.xml:20:5-44
MERGED from [com.wuhenzhizao:titlebar:1.1.4] AndroidManifest.xml:7:5-9:41
MERGED from [com.wuhenzhizao:titlebar:1.1.4] AndroidManifest.xml:7:5-9:41
MERGED from [com.trello.rxlifecycle2:rxlifecycle-components:2.0.1] AndroidManifest.xml:17:5-44
MERGED from [com.trello.rxlifecycle2:rxlifecycle-components:2.0.1] AndroidManifest.xml:17:5-44
MERGED from [com.github.wangjiegulu:rfab:2.0.0] AndroidManifest.xml:7:5-9:41
MERGED from [com.github.wangjiegulu:rfab:2.0.0] AndroidManifest.xml:7:5-9:41
MERGED from [com.lxj:easyadapter:1.1.1] AndroidManifest.xml:7:5-9:41
MERGED from [com.lxj:easyadapter:1.1.1] AndroidManifest.xml:7:5-9:41
MERGED from [com.lxj:xpermission:1.0.1] AndroidManifest.xml:7:5-9:41
MERGED from [com.lxj:xpermission:1.0.1] AndroidManifest.xml:7:5-9:41
MERGED from [com.android.support:appcompat-v7:27.1.1] AndroidManifest.xml:20:5-44
MERGED from [com.android.support:appcompat-v7:27.1.1] AndroidManifest.xml:20:5-44
MERGED from [com.zzhoujay.richtext:richtext:3.0.8] AndroidManifest.xml:8:5-10:41
MERGED from [com.zzhoujay.richtext:richtext:3.0.8] AndroidManifest.xml:8:5-10:41
MERGED from [com.android.support:support-v4:27.1.1] AndroidManifest.xml:20:5-44
MERGED from [com.android.support:support-v4:27.1.1] AndroidManifest.xml:20:5-44
MERGED from [com.github.limedroid:ARecyclerView:v1.2.3] AndroidManifest.xml:6:5-8:41
MERGED from [com.github.limedroid:ARecyclerView:v1.2.3] AndroidManifest.xml:6:5-8:41
MERGED from [com.android.support:recyclerview-v7:27.1.1] AndroidManifest.xml:20:5-44
MERGED from [com.android.support:recyclerview-v7:27.1.1] AndroidManifest.xml:20:5-44
MERGED from [com.jakewharton:butterknife:8.4.0] AndroidManifest.xml:5:5-43
MERGED from [com.jakewharton:butterknife:8.4.0] AndroidManifest.xml:5:5-43
MERGED from [com.jakewharton.rxbinding2:rxbinding:2.0.0] AndroidManifest.xml:6:5-44
MERGED from [com.jakewharton.rxbinding2:rxbinding:2.0.0] AndroidManifest.xml:6:5-44
MERGED from [com.trello.rxlifecycle2:rxlifecycle-android:2.0.1] AndroidManifest.xml:17:5-44
MERGED from [com.trello.rxlifecycle2:rxlifecycle-android:2.0.1] AndroidManifest.xml:17:5-44
MERGED from [com.contrarywind:Android-PickerView:4.1.8] AndroidManifest.xml:7:5-9:41
MERGED from [com.contrarywind:Android-PickerView:4.1.8] AndroidManifest.xml:7:5-9:41
MERGED from [com.github.bumptech.glide:glide:4.8.0] AndroidManifest.xml:6:5-8:41
MERGED from [com.github.bumptech.glide:glide:4.8.0] AndroidManifest.xml:6:5-8:41
MERGED from [com.android.support:support-fragment:27.1.1] AndroidManifest.xml:20:5-44
MERGED from [com.android.support:support-fragment:27.1.1] AndroidManifest.xml:20:5-44
MERGED from [com.android.support:animated-vector-drawable:27.1.1] AndroidManifest.xml:20:5-44
MERGED from [com.android.support:animated-vector-drawable:27.1.1] AndroidManifest.xml:20:5-44
MERGED from [com.android.support:support-core-ui:27.1.1] AndroidManifest.xml:20:5-44
MERGED from [com.android.support:support-core-ui:27.1.1] AndroidManifest.xml:20:5-44
MERGED from [com.android.support:support-core-utils:27.1.1] AndroidManifest.xml:20:5-44
MERGED from [com.android.support:support-core-utils:27.1.1] AndroidManifest.xml:20:5-44
MERGED from [com.android.support:support-vector-drawable:27.1.1] AndroidManifest.xml:20:5-44
MERGED from [com.android.support:support-vector-drawable:27.1.1] AndroidManifest.xml:20:5-44
MERGED from [com.android.support:support-media-compat:27.1.1] AndroidManifest.xml:20:5-44
MERGED from [com.android.support:support-media-compat:27.1.1] AndroidManifest.xml:20:5-44
MERGED from [com.android.support:transition:27.1.1] AndroidManifest.xml:20:5-44
MERGED from [com.android.support:transition:27.1.1] AndroidManifest.xml:20:5-44
MERGED from [com.android.support:support-compat:27.1.1] AndroidManifest.xml:20:5-44
MERGED from [com.android.support:support-compat:27.1.1] AndroidManifest.xml:20:5-44
MERGED from [com.github.bumptech.glide:gifdecoder:4.8.0] AndroidManifest.xml:5:5-7:41
MERGED from [com.github.bumptech.glide:gifdecoder:4.8.0] AndroidManifest.xml:5:5-7:41
MERGED from [com.contrarywind:wheelview:4.0.9] AndroidManifest.xml:7:5-9:41
MERGED from [com.contrarywind:wheelview:4.0.9] AndroidManifest.xml:7:5-9:41
MERGED from [com.qmuiteam:qmui:1.1.5] AndroidManifest.xml:5:5-7:41
MERGED from [com.qmuiteam:qmui:1.1.5] AndroidManifest.xml:5:5-7:41
MERGED from [com.blankj:utilcode:1.25.9] AndroidManifest.xml:7:5-44
MERGED from [com.blankj:utilcode:1.25.9] AndroidManifest.xml:7:5-44
MERGED from [com.blankj:rxbus:1.2] AndroidManifest.xml:7:5-44
MERGED from [com.blankj:rxbus:1.2] AndroidManifest.xml:7:5-44
MERGED from [io.reactivex.rxjava2:rxandroid:2.0.2] AndroidManifest.xml:19:5-43
MERGED from [io.reactivex.rxjava2:rxandroid:2.0.2] AndroidManifest.xml:19:5-43
MERGED from [com.tbruyelle.rxpermissions2:rxpermissions:0.9.3] AndroidManifest.xml:7:5-9:41
MERGED from [com.tbruyelle.rxpermissions2:rxpermissions:0.9.3] AndroidManifest.xml:7:5-9:41
MERGED from [cn.bingoogolapple:bga-photopicker:1.2.8] AndroidManifest.xml:5:5-7:41
MERGED from [cn.bingoogolapple:bga-photopicker:1.2.8] AndroidManifest.xml:5:5-7:41
MERGED from [cn.bingoogolapple:bga-baseadapter:1.2.7] AndroidManifest.xml:6:5-8:41
MERGED from [cn.bingoogolapple:bga-baseadapter:1.2.7] AndroidManifest.xml:6:5-8:41
MERGED from [pub.devrel:easypermissions:1.0.1] AndroidManifest.xml:7:5-9:41
MERGED from [pub.devrel:easypermissions:1.0.1] AndroidManifest.xml:7:5-9:41
MERGED from [com.github.CymChad:BaseRecyclerViewAdapterHelper:2.9.40] AndroidManifest.xml:7:5-9:41
MERGED from [com.github.CymChad:BaseRecyclerViewAdapterHelper:2.9.40] AndroidManifest.xml:7:5-9:41
MERGED from [de.hdodenhof:circleimageview:3.0.0] AndroidManifest.xml:5:5-7:41
MERGED from [de.hdodenhof:circleimageview:3.0.0] AndroidManifest.xml:5:5-7:41
MERGED from [com.github.lygttpod:SuperTextView:2.2.4] AndroidManifest.xml:7:5-9:41
MERGED from [com.github.lygttpod:SuperTextView:2.2.4] AndroidManifest.xml:7:5-9:41
MERGED from [com.zzhoujay:html:1.0.2] AndroidManifest.xml:7:5-9:41
MERGED from [com.zzhoujay:html:1.0.2] AndroidManifest.xml:7:5-9:41
MERGED from [com.youth.banner:banner:1.4.10] AndroidManifest.xml:7:5-9:41
MERGED from [com.youth.banner:banner:1.4.10] AndroidManifest.xml:7:5-9:41
MERGED from [com.github.limedroid:XStateController:v1.1.1] AndroidManifest.xml:7:5-9:41
MERGED from [com.github.limedroid:XStateController:v1.1.1] AndroidManifest.xml:7:5-9:41
MERGED from [com.zzhoujay.markdown:markdown:1.0.5] AndroidManifest.xml:8:5-10:41
MERGED from [com.zzhoujay.markdown:markdown:1.0.5] AndroidManifest.xml:8:5-10:41
MERGED from [android.arch.lifecycle:livedata-core:1.1.0] AndroidManifest.xml:20:5-44
MERGED from [android.arch.lifecycle:livedata-core:1.1.0] AndroidManifest.xml:20:5-44
MERGED from [android.arch.lifecycle:viewmodel:1.1.0] AndroidManifest.xml:20:5-44
MERGED from [android.arch.lifecycle:viewmodel:1.1.0] AndroidManifest.xml:20:5-44
MERGED from [android.arch.lifecycle:runtime:1.1.0] AndroidManifest.xml:20:5-44
MERGED from [android.arch.lifecycle:runtime:1.1.0] AndroidManifest.xml:20:5-44
MERGED from [android.arch.core:runtime:1.1.0] AndroidManifest.xml:20:5-44
MERGED from [android.arch.core:runtime:1.1.0] AndroidManifest.xml:20:5-44
INJECTED from src/main/AndroidManifest.xml
INJECTED from src/main/AndroidManifest.xml
	android:targetSdkVersion
		INJECTED from src/main/AndroidManifest.xml
		ADDED from src/main/AndroidManifest.xml
		INJECTED from src/main/AndroidManifest.xml
	android:minSdkVersion
		INJECTED from src/main/AndroidManifest.xml
		ADDED from src/main/AndroidManifest.xml
		INJECTED from src/main/AndroidManifest.xml
meta-data#android.notch_support
ADDED from [com.lxj:xpermission:1.0.1] AndroidManifest.xml:12:9-14:36
	android:value
		ADDED from [com.lxj:xpermission:1.0.1] AndroidManifest.xml:14:13-33
	android:name
		ADDED from [com.lxj:xpermission:1.0.1] AndroidManifest.xml:13:13-49
activity#com.lxj.xpermission.XPermission$PermissionActivity
ADDED from [com.lxj:xpermission:1.0.1] AndroidManifest.xml:17:9-19:75
	android:theme
		ADDED from [com.lxj:xpermission:1.0.1] AndroidManifest.xml:19:13-72
	android:name
		ADDED from [com.lxj:xpermission:1.0.1] AndroidManifest.xml:18:13-78
activity#com.blankj.utilcode.util.PermissionUtils$PermissionActivity
ADDED from [com.blankj:utilcode:1.25.9] AndroidManifest.xml:10:9-15:75
	android:multiprocess
		ADDED from [com.blankj:utilcode:1.25.9] AndroidManifest.xml:13:13-40
	android:windowSoftInputMode
		ADDED from [com.blankj:utilcode:1.25.9] AndroidManifest.xml:15:13-72
	android:configChanges
		ADDED from [com.blankj:utilcode:1.25.9] AndroidManifest.xml:12:13-74
	android:theme
		ADDED from [com.blankj:utilcode:1.25.9] AndroidManifest.xml:14:13-55
	android:name
		ADDED from [com.blankj:utilcode:1.25.9] AndroidManifest.xml:11:13-87
provider#com.blankj.utilcode.util.Utils$FileProvider4UtilCode
ADDED from [com.blankj:utilcode:1.25.9] AndroidManifest.xml:17:9-26:20
	android:grantUriPermissions
		ADDED from [com.blankj:utilcode:1.25.9] AndroidManifest.xml:21:13-47
	android:authorities
		ADDED from [com.blankj:utilcode:1.25.9] AndroidManifest.xml:19:13-69
	android:multiprocess
		ADDED from [com.blankj:utilcode:1.25.9] AndroidManifest.xml:22:13-40
	android:exported
		ADDED from [com.blankj:utilcode:1.25.9] AndroidManifest.xml:20:13-37
	android:name
		ADDED from [com.blankj:utilcode:1.25.9] AndroidManifest.xml:18:13-80
meta-data#android.support.FILE_PROVIDER_PATHS
ADDED from [com.blankj:utilcode:1.25.9] AndroidManifest.xml:23:13-25:68
	android:resource
		ADDED from [com.blankj:utilcode:1.25.9] AndroidManifest.xml:25:17-65
	android:name
		ADDED from [com.blankj:utilcode:1.25.9] AndroidManifest.xml:24:17-67
service#com.blankj.utilcode.util.MessengerUtils$ServerService
ADDED from [com.blankj:utilcode:1.25.9] AndroidManifest.xml:28:9-32:19
	android:name
		ADDED from [com.blankj:utilcode:1.25.9] AndroidManifest.xml:28:18-86
intent-filter#action:name:${applicationId}.messenger
ADDED from [com.blankj:utilcode:1.25.9] AndroidManifest.xml:29:13-31:29
intent-filter#action:name:cn.projects.team.demo.messenger
ADDED from [com.blankj:utilcode:1.25.9] AndroidManifest.xml:29:13-31:29
action#${applicationId}.messenger
ADDED from [com.blankj:utilcode:1.25.9] AndroidManifest.xml:30:17-69
	android:name
		ADDED from [com.blankj:utilcode:1.25.9] AndroidManifest.xml:30:25-66
action#cn.projects.team.demo.messenger
ADDED from [com.blankj:utilcode:1.25.9] AndroidManifest.xml:30:17-69
	android:name
		ADDED from [com.blankj:utilcode:1.25.9] AndroidManifest.xml:30:25-66
uses-permission#android.permission.READ_EXTERNAL_STORAGE
ADDED from [cn.bingoogolapple:bga-photopicker:1.2.8] AndroidManifest.xml:9:5-80
	android:name
		ADDED from [cn.bingoogolapple:bga-photopicker:1.2.8] AndroidManifest.xml:9:22-77
uses-permission#android.permission.WRITE_EXTERNAL_STORAGE
ADDED from [cn.bingoogolapple:bga-photopicker:1.2.8] AndroidManifest.xml:10:5-81
	android:name
		ADDED from [cn.bingoogolapple:bga-photopicker:1.2.8] AndroidManifest.xml:10:22-78
uses-permission#android.permission.CAMERA
ADDED from [cn.bingoogolapple:bga-photopicker:1.2.8] AndroidManifest.xml:11:5-65
	android:name
		ADDED from [cn.bingoogolapple:bga-photopicker:1.2.8] AndroidManifest.xml:11:22-62
activity#cn.bingoogolapple.photopicker.activity.BGAPhotoPreviewActivity
ADDED from [cn.bingoogolapple:bga-photopicker:1.2.8] AndroidManifest.xml:16:9-21:63
	android:screenOrientation
		ADDED from [cn.bingoogolapple:bga-photopicker:1.2.8] AndroidManifest.xml:19:13-49
	android:windowSoftInputMode
		ADDED from [cn.bingoogolapple:bga-photopicker:1.2.8] AndroidManifest.xml:21:13-60
	android:configChanges
		ADDED from [cn.bingoogolapple:bga-photopicker:1.2.8] AndroidManifest.xml:18:13-74
	android:theme
		ADDED from [cn.bingoogolapple:bga-photopicker:1.2.8] AndroidManifest.xml:20:13-46
	android:name
		ADDED from [cn.bingoogolapple:bga-photopicker:1.2.8] AndroidManifest.xml:17:13-90
activity#cn.bingoogolapple.photopicker.activity.BGAPhotoPickerActivity
ADDED from [cn.bingoogolapple:bga-photopicker:1.2.8] AndroidManifest.xml:24:9-29:63
	android:screenOrientation
		ADDED from [cn.bingoogolapple:bga-photopicker:1.2.8] AndroidManifest.xml:27:13-49
	android:windowSoftInputMode
		ADDED from [cn.bingoogolapple:bga-photopicker:1.2.8] AndroidManifest.xml:29:13-60
	android:configChanges
		ADDED from [cn.bingoogolapple:bga-photopicker:1.2.8] AndroidManifest.xml:26:13-74
	android:theme
		ADDED from [cn.bingoogolapple:bga-photopicker:1.2.8] AndroidManifest.xml:28:13-46
	android:name
		ADDED from [cn.bingoogolapple:bga-photopicker:1.2.8] AndroidManifest.xml:25:13-89
activity#cn.bingoogolapple.photopicker.activity.BGAPhotoPickerPreviewActivity
ADDED from [cn.bingoogolapple:bga-photopicker:1.2.8] AndroidManifest.xml:32:9-37:63
	android:screenOrientation
		ADDED from [cn.bingoogolapple:bga-photopicker:1.2.8] AndroidManifest.xml:35:13-49
	android:windowSoftInputMode
		ADDED from [cn.bingoogolapple:bga-photopicker:1.2.8] AndroidManifest.xml:37:13-60
	android:configChanges
		ADDED from [cn.bingoogolapple:bga-photopicker:1.2.8] AndroidManifest.xml:34:13-74
	android:theme
		ADDED from [cn.bingoogolapple:bga-photopicker:1.2.8] AndroidManifest.xml:36:13-46
	android:name
		ADDED from [cn.bingoogolapple:bga-photopicker:1.2.8] AndroidManifest.xml:33:13-96
provider#cn.bingoogolapple.photopicker.util.BGAPhotoFileProvider
ADDED from [cn.bingoogolapple:bga-photopicker:1.2.8] AndroidManifest.xml:39:9-47:20
	android:grantUriPermissions
		ADDED from [cn.bingoogolapple:bga-photopicker:1.2.8] AndroidManifest.xml:43:13-47
	android:authorities
		ADDED from [cn.bingoogolapple:bga-photopicker:1.2.8] AndroidManifest.xml:41:13-82
	android:exported
		ADDED from [cn.bingoogolapple:bga-photopicker:1.2.8] AndroidManifest.xml:42:13-37
	android:name
		ADDED from [cn.bingoogolapple:bga-photopicker:1.2.8] AndroidManifest.xml:40:13-83
activity#pub.devrel.easypermissions.AppSettingsDialogHolderActivity
ADDED from [pub.devrel:easypermissions:1.0.1] AndroidManifest.xml:12:9-16:66
	android:label
		ADDED from [pub.devrel:easypermissions:1.0.1] AndroidManifest.xml:15:13-29
	android:exported
		ADDED from [pub.devrel:easypermissions:1.0.1] AndroidManifest.xml:14:13-37
	android:theme
		ADDED from [pub.devrel:easypermissions:1.0.1] AndroidManifest.xml:16:13-63
	android:name
		ADDED from [pub.devrel:easypermissions:1.0.1] AndroidManifest.xml:13:13-86